生成启动时间为 2015/9/8 17:08:19。
     1>项目“E:\Repositories\automelody\project\new-voice-detection\newvoicedetection\newvoicedetection.vcxproj”在节点 2 上(Build 个目标)。
     1>ClCompile:
         D:\Program Files (x86)\Microsoft Visual Studio 14.0\VC\bin\CL.exe /c /ZI /nologo /W3 /WX- /Od /Oy- /D WIN32 /D _DEBUG /D _CONSOLE /D _UNICODE /D UNICODE /Gm /EHsc /RTC1 /MDd /GS /fp:precise /Zc:wchar_t /Zc:forScope /Zc:inline /Fo"Debug\\" /Fd"Debug\vc140.pdb" /Gd /TP /analyze- /errorReport:prompt main.cpp
         main.cpp
     1>e:\repositories\automelody\project\new-voice-detection\newvoicedetection\cpitchshift.h(27): warning C4244: “=”: 从“double”转换到“float”，可能丢失数据
     1>e:\repositories\automelody\project\new-voice-detection\newvoicedetection\cpitchshift.h(60): warning C4018: “<”: 有符号/无符号不匹配
     1>e:\repositories\automelody\project\new-voice-detection\newvoicedetection\main.cpp(31): warning C4244: “初始化”: 从“double”转换到“int”，可能丢失数据
     1>e:\repositories\automelody\project\new-voice-detection\newvoicedetection\main.cpp(51): warning C4244: “=”: 从“int”转换到“float”，可能丢失数据
     1>e:\repositories\automelody\project\new-voice-detection\newvoicedetection\main.cpp(58): warning C4244: “参数”: 从“float”转换到“int”，可能丢失数据
     1>e:\repositories\automelody\project\new-voice-detection\newvoicedetection\main.cpp(60): warning C4018: “<”: 有符号/无符号不匹配
     1>e:\repositories\automelody\project\new-voice-detection\newvoicedetection\main.cpp(90): warning C4018: “<”: 有符号/无符号不匹配
     1>e:\repositories\automelody\project\new-voice-detection\newvoicedetection\main.cpp(38): warning C4996: 'fopen': This function or variable may be unsafe. Consider using fopen_s instead. To disable deprecation, use _CRT_SECURE_NO_WARNINGS. See online help for details.
         c:\program files (x86)\windows kits\10\include\10.0.10150.0\ucrt\stdio.h(205): note: 参见“fopen”的声明
     1>e:\repositories\automelody\project\new-voice-detection\newvoicedetection\main.cpp(113): warning C4996: 'fopen': This function or variable may be unsafe. Consider using fopen_s instead. To disable deprecation, use _CRT_SECURE_NO_WARNINGS. See online help for details.
         c:\program files (x86)\windows kits\10\include\10.0.10150.0\ucrt\stdio.h(205): note: 参见“fopen”的声明
       Link:
         D:\Program Files (x86)\Microsoft Visual Studio 14.0\VC\bin\link.exe /ERRORREPORT:PROMPT /OUT:"E:\Repositories\automelody\project\new-voice-detection\newvoicedetection\Debug\newvoicedetection.exe" /INCREMENTAL /NOLOGO kernel32.lib user32.lib gdi32.lib winspool.lib comdlg32.lib advapi32.lib shell32.lib ole32.lib oleaut32.lib uuid.lib odbc32.lib odbccp32.lib /MANIFEST /MANIFESTUAC:"level='asInvoker' uiAccess='false'" /manifest:embed /Debug /PDB:"E:\Repositories\automelody\project\new-voice-detection\newvoicedetection\Debug\newvoicedetection.pdb" /SUBSYSTEM:CONSOLE /TLBID:1 /DYNAMICBASE /NXCOMPAT /IMPLIB:"E:\Repositories\automelody\project\new-voice-detection\newvoicedetection\Debug\newvoicedetection.lib" /MACHINE:X86 Debug\calcthreshold.obj
         Debug\CAudioTimeSandPitchS.obj
         Debug\CFFT.obj
         Debug\CWavread.obj
         Debug\detection.obj
         Debug\main.obj
         Debug\pcm2wav.obj
         Debug\voicedetection.obj
         newvoicedetection.vcxproj -> E:\Repositories\automelody\project\new-voice-detection\newvoicedetection\Debug\newvoicedetection.exe
     1>已完成生成项目“E:\Repositories\automelody\project\new-voice-detection\newvoicedetection\newvoicedetection.vcxproj”(Build 个目标)的操作。

已成功生成。

已用时间 00:00:01.11
